# JRE version: Java(TM) SE Runtime Environment 18.9 (11.0.17+10) (build 11.0.17+10-LTS-269)
# Java VM: Java HotSpot(TM) 64-Bit Server VM 18.9 (11.0.17+10-LTS-269, mixed mode, tiered, compressed oops, g1 gc, windows-amd64)
Heap:
 garbage-first heap   total 131072K, used 81395K [0x0000000080000000, 0x0000000100000000)
  region size 1024K, 5 young (5120K), 3 survivors (3072K)
 Metaspace       used 86012K, capacity 88192K, committed 88276K, reserved 593920K
  class space    used 11250K, capacity 12159K, committed 12160K, reserved 516096K
GC Heap History (10 events):
Event: 104.715 GC heap before
{Heap before GC invocations=29 (full 0):
 garbage-first heap   total 131072K, used 106124K [0x0000000080000000, 0x0000000100000000)
  region size 1024K, 31 young (31744K), 5 survivors (5120K)
 Metaspace       used 81721K, capacity 83851K, committed 84180K, reserved 589824K
  class space    used 10648K, capacity 11531K, committed 11648K, reserved 516096K
}
Event: 104.722 GC heap after
{Heap after GC invocations=30 (full 0):
 garbage-first heap   total 131072K, used 74460K [0x0000000080000000, 0x0000000100000000)
  region size 1024K, 2 young (2048K), 2 survivors (2048K)
 Metaspace       used 81721K, capacity 83851K, committed 84180K, reserved 589824K
  class space    used 10648K, capacity 11531K, committed 11648K, reserved 516096K
}
Event: 105.618 GC heap before
{Heap before GC invocations=30 (full 0):
 garbage-first heap   total 131072K, used 89820K [0x0000000080000000, 0x0000000100000000)
  region size 1024K, 18 young (18432K), 2 survivors (2048K)
 Metaspace       used 82982K, capacity 85141K, committed 85332K, reserved 589824K
  class space    used 10821K, capacity 11725K, committed 11776K, reserved 516096K
}
Event: 105.624 GC heap after
{Heap after GC invocations=31 (full 0):
 garbage-first heap   total 131072K, used 75698K [0x0000000080000000, 0x0000000100000000)
  region size 1024K, 4 young (4096K), 4 survivors (4096K)
 Metaspace       used 82982K, capacity 85141K, committed 85332K, reserved 589824K
  class space    used 10821K, capacity 11725K, committed 11776K, reserved 516096K
}
Event: 106.490 GC heap before
{Heap before GC invocations=32 (full 0):
 garbage-first heap   total 131072K, used 101298K [0x0000000080000000, 0x0000000100000000)
  region size 1024K, 28 young (28672K), 4 survivors (4096K)
 Metaspace       used 84111K, capacity 86425K, committed 86612K, reserved 591872K
  class space    used 11001K, capacity 11914K, committed 12032K, reserved 516096K
}
Event: 106.499 GC heap after
{Heap after GC invocations=33 (full 0):
 garbage-first heap   total 131072K, used 77185K [0x0000000080000000, 0x0000000100000000)
  region size 1024K, 3 young (3072K), 3 survivors (3072K)
 Metaspace       used 84111K, capacity 86425K, committed 86612K, reserved 591872K
  class space    used 11001K, capacity 11914K, committed 12032K, reserved 516096K
}
Event: 106.551 GC heap before
{Heap before GC invocations=33 (full 0):
 garbage-first heap   total 131072K, used 80257K [0x0000000080000000, 0x0000000100000000)
  region size 1024K, 6 young (6144K), 3 survivors (3072K)
 Metaspace       used 84111K, capacity 86425K, committed 86612K, reserved 591872K
  class space    used 11001K, capacity 11914K, committed 12032K, reserved 516096K
}
Event: 106.559 GC heap after
{Heap after GC invocations=34 (full 0):
 garbage-first heap   total 131072K, used 76495K [0x0000000080000000, 0x0000000100000000)
  region size 1024K, 1 young (1024K), 1 survivors (1024K)
 Metaspace       used 84111K, capacity 86425K, committed 86612K, reserved 591872K
  class space    used 11001K, capacity 11914K, committed 12032K, reserved 516096K
}
Event: 107.133 GC heap before
{Heap before GC invocations=34 (full 0):
 garbage-first heap   total 131072K, used 102095K [0x0000000080000000, 0x0000000100000000)
  region size 1024K, 26 young (26624K), 1 survivors (1024K)
 Metaspace       used 84238K, capacity 86472K, committed 86612K, reserved 591872K
  class space    used 11019K, capacity 11952K, committed 12032K, reserved 516096K
}
Event: 107.140 GC heap after
{Heap after GC invocations=35 (full 0):
 garbage-first heap   total 131072K, used 78280K [0x0000000080000000, 0x0000000100000000)
  region size 1024K, 3 young (3072K), 3 survivors (3072K)
 Metaspace       used 84238K, capacity 86472K, committed 86612K, reserved 591872K
  class space    used 11019K, capacity 11952K, committed 12032K, reserved 516096K
}

